<?xml version="1.0" encoding="UTF-8"?>
<!-- Generated by org.testng.reporters.JUnitReportReporter -->
<testsuite hostname="LAPTOP-T2K7BMGL" failures="0" tests="4" name="api.test.UserTest" time="7.912" errors="0" timestamp="2024-06-25T19:02:25 IST" skipped="0">
  <testcase classname="api.test.UserTest" name="testPostUser" time="2.643"/>
  <testcase classname="api.test.UserTest" name="testGetUser" time="1.276"/>
  <testcase classname="api.test.UserTest" name="testUpdateUser" time="2.805"/>
  <testcase classname="api.test.UserTest" name="testDeleteUser" time="1.188"/>
</testsuite> <!-- api.test.UserTest -->
