<?xml version="1.0" encoding="UTF-8"?>
<!-- Generated by org.testng.reporters.JUnitReportReporter -->
<testsuite hostname="LAPTOP-T2K7BMGL" failures="0" tests="6" name="api.test.OrderTestDDT" time="8.636" errors="0" timestamp="2024-06-25T22:16:06 IST" skipped="0">
  <testcase classname="api.test.OrderTestDDT" name="testPostOrderDDT" time="2.744"/>
  <testcase classname="api.test.OrderTestDDT" name="testPostOrderDDT" time="1.178"/>
  <testcase classname="api.test.OrderTestDDT" name="testPostOrderDDT" time="1.164"/>
  <testcase classname="api.test.OrderTestDDT" name="testDeleteOrderDDT" time="1.173"/>
  <testcase classname="api.test.OrderTestDDT" name="testDeleteOrderDDT" time="1.195"/>
  <testcase classname="api.test.OrderTestDDT" name="testDeleteOrderDDT" time="1.182"/>
</testsuite> <!-- api.test.OrderTestDDT -->
