<?xml version="1.0" encoding="UTF-8"?>
<!-- Generated by org.testng.reporters.JUnitReportReporter -->
<testsuite hostname="LAPTOP-T2K7BMGL" failures="0" tests="6" name="api.test.UserTestDDT" time="8.537" errors="0" timestamp="2024-06-25T22:13:00 IST" skipped="0">
  <testcase classname="api.test.UserTestDDT" name="testPostUserDDT" time="2.672"/>
  <testcase classname="api.test.UserTestDDT" name="testPostUserDDT" time="1.159"/>
  <testcase classname="api.test.UserTestDDT" name="testPostUserDDT" time="1.139"/>
  <testcase classname="api.test.UserTestDDT" name="testDeleteUserDDT" time="1.291"/>
  <testcase classname="api.test.UserTestDDT" name="testDeleteUserDDT" time="1.149"/>
  <testcase classname="api.test.UserTestDDT" name="testDeleteUserDDT" time="1.127"/>
</testsuite> <!-- api.test.UserTestDDT -->
