<?xml version="1.0" encoding="UTF-8"?>
<!-- Generated by org.testng.reporters.JUnitReportReporter -->
<testsuite hostname="LAPTOP-T2K7BMGL" failures="0" tests="6" name="api.test.UserTestDDT" time="6.938" errors="0" timestamp="2024-06-25T22:17:20 IST" skipped="0">
  <testcase classname="api.test.UserTestDDT" name="testPostUserDDT" time="1.175"/>
  <testcase classname="api.test.UserTestDDT" name="testPostUserDDT" time="1.144"/>
  <testcase classname="api.test.UserTestDDT" name="testPostUserDDT" time="1.181"/>
  <testcase classname="api.test.UserTestDDT" name="testDeleteUserDDT" time="1.160"/>
  <testcase classname="api.test.UserTestDDT" name="testDeleteUserDDT" time="1.134"/>
  <testcase classname="api.test.UserTestDDT" name="testDeleteUserDDT" time="1.144"/>
</testsuite> <!-- api.test.UserTestDDT -->
