<?xml version="1.0" encoding="UTF-8"?>
<!-- Generated by org.testng.reporters.JUnitReportReporter -->
<testsuite hostname="LAPTOP-T2K7BMGL" failures="0" tests="6" name="api.test.OrderTestDDT" time="7.113" errors="0" timestamp="2024-06-25T22:17:20 IST" skipped="0">
  <testcase classname="api.test.OrderTestDDT" name="testPostOrderDDT" time="1.188"/>
  <testcase classname="api.test.OrderTestDDT" name="testPostOrderDDT" time="1.182"/>
  <testcase classname="api.test.OrderTestDDT" name="testPostOrderDDT" time="1.212"/>
  <testcase classname="api.test.OrderTestDDT" name="testDeleteOrderDDT" time="1.137"/>
  <testcase classname="api.test.OrderTestDDT" name="testDeleteOrderDDT" time="1.187"/>
  <testcase classname="api.test.OrderTestDDT" name="testDeleteOrderDDT" time="1.207"/>
</testsuite> <!-- api.test.OrderTestDDT -->
