<?xml version="1.0" encoding="UTF-8"?>
<!-- Generated by org.testng.reporters.JUnitReportReporter -->
<testsuite hostname="LAPTOP-T2K7BMGL" failures="0" tests="4" name="api.test.UserTest" time="7.967" errors="0" timestamp="2024-06-25T22:17:20 IST" skipped="0">
  <testcase classname="api.test.UserTest" name="testPostUser" time="2.697"/>
  <testcase classname="api.test.UserTest" name="testGetUser" time="1.255"/>
  <testcase classname="api.test.UserTest" name="testUpdateUser" time="2.867"/>
  <testcase classname="api.test.UserTest" name="testDeleteUser" time="1.148"/>
</testsuite> <!-- api.test.UserTest -->
