<?xml version="1.0" encoding="UTF-8"?>
<!-- Generated by org.testng.reporters.JUnitReportReporter -->
<testsuite hostname="LAPTOP-T2K7BMGL" failures="0" tests="3" name="api.test.OrderTest" time="3.553" errors="0" timestamp="2024-06-25T22:17:20 IST" skipped="0">
  <testcase classname="api.test.OrderTest" name="testPostOrder" time="1.175"/>
  <testcase classname="api.test.OrderTest" name="testGetOrder" time="1.160"/>
  <testcase classname="api.test.OrderTest" name="testDeleteUser" time="1.218"/>
</testsuite> <!-- api.test.OrderTest -->
