<?xml version="1.0" encoding="UTF-8"?>
<testsuite xmlns:xsi="http://www.w3.org/2001/XMLSchema-instance" xsi:noNamespaceSchemaLocation="https://maven.apache.org/surefire/maven-surefire-plugin/xsd/surefire-test-report.xsd" version="3.0.1" name="TestSuite" time="29.011" tests="19" errors="0" skipped="0" failures="0">
  <properties>
    <property name="java.specification.version" value="21"/>
    <property name="sun.cpu.isalist" value="amd64"/>
    <property name="sun.jnu.encoding" value="Cp1252"/>
    <property name="java.class.path" value="C:\Eclipse\PetStoreAPI\target\test-classes;C:\Eclipse\PetStoreAPI\target\classes;C:\Users\vigne\.m2\repository\io\rest-assured\rest-assured\5.4.0\rest-assured-5.4.0.jar;C:\Users\vigne\.m2\repository\org\apache\groovy\groovy\4.0.16\groovy-4.0.16.jar;C:\Users\vigne\.m2\repository\org\apache\groovy\groovy-xml\4.0.16\groovy-xml-4.0.16.jar;C:\Users\vigne\.m2\repository\org\apache\httpcomponents\httpclient\4.5.13\httpclient-4.5.13.jar;C:\Users\vigne\.m2\repository\org\apache\httpcomponents\httpcore\4.4.13\httpcore-4.4.13.jar;C:\Users\vigne\.m2\repository\commons-logging\commons-logging\1.2\commons-logging-1.2.jar;C:\Users\vigne\.m2\repository\org\apache\httpcomponents\httpmime\4.5.13\httpmime-4.5.13.jar;C:\Users\vigne\.m2\repository\org\hamcrest\hamcrest\2.2\hamcrest-2.2.jar;C:\Users\vigne\.m2\repository\org\ccil\cowan\tagsoup\tagsoup\1.2.1\tagsoup-1.2.1.jar;C:\Users\vigne\.m2\repository\io\rest-assured\json-path\5.4.0\json-path-5.4.0.jar;C:\Users\vigne\.m2\repository\org\apache\groovy\groovy-json\4.0.16\groovy-json-4.0.16.jar;C:\Users\vigne\.m2\repository\io\rest-assured\rest-assured-common\5.4.0\rest-assured-common-5.4.0.jar;C:\Users\vigne\.m2\repository\io\rest-assured\xml-path\5.4.0\xml-path-5.4.0.jar;C:\Users\vigne\.m2\repository\org\json\json\20240303\json-20240303.jar;C:\Users\vigne\.m2\repository\com\google\code\gson\gson\2.11.0\gson-2.11.0.jar;C:\Users\vigne\.m2\repository\com\google\errorprone\error_prone_annotations\2.27.0\error_prone_annotations-2.27.0.jar;C:\Users\vigne\.m2\repository\com\jayway\jsonpath\json-path\2.9.0\json-path-2.9.0.jar;C:\Users\vigne\.m2\repository\net\minidev\json-smart\2.5.0\json-smart-2.5.0.jar;C:\Users\vigne\.m2\repository\net\minidev\accessors-smart\2.5.0\accessors-smart-2.5.0.jar;C:\Users\vigne\.m2\repository\org\ow2\asm\asm\9.3\asm-9.3.jar;C:\Users\vigne\.m2\repository\org\slf4j\slf4j-api\2.0.11\slf4j-api-2.0.11.jar;C:\Users\vigne\.m2\repository\org\testng\testng\7.10.2\testng-7.10.2.jar;C:\Users\vigne\.m2\repository\com\beust\jcommander\1.82\jcommander-1.82.jar;C:\Users\vigne\.m2\repository\org\webjars\jquery\3.7.1\jquery-3.7.1.jar;C:\Users\vigne\.m2\repository\com\github\javafaker\javafaker\1.0.2\javafaker-1.0.2.jar;C:\Users\vigne\.m2\repository\org\apache\commons\commons-lang3\3.5\commons-lang3-3.5.jar;C:\Users\vigne\.m2\repository\org\yaml\snakeyaml\1.23\snakeyaml-1.23-android.jar;C:\Users\vigne\.m2\repository\com\github\mifmif\generex\1.0.2\generex-1.0.2.jar;C:\Users\vigne\.m2\repository\dk\brics\automaton\automaton\1.11-8\automaton-1.11-8.jar;C:\Users\vigne\.m2\repository\org\apache\poi\poi\5.2.5\poi-5.2.5.jar;C:\Users\vigne\.m2\repository\commons-codec\commons-codec\1.16.0\commons-codec-1.16.0.jar;C:\Users\vigne\.m2\repository\org\apache\commons\commons-collections4\4.4\commons-collections4-4.4.jar;C:\Users\vigne\.m2\repository\org\apache\commons\commons-math3\3.6.1\commons-math3-3.6.1.jar;C:\Users\vigne\.m2\repository\commons-io\commons-io\2.15.0\commons-io-2.15.0.jar;C:\Users\vigne\.m2\repository\com\zaxxer\SparseBitSet\1.3\SparseBitSet-1.3.jar;C:\Users\vigne\.m2\repository\org\apache\poi\poi-ooxml\5.2.5\poi-ooxml-5.2.5.jar;C:\Users\vigne\.m2\repository\org\apache\poi\poi-ooxml-lite\5.2.5\poi-ooxml-lite-5.2.5.jar;C:\Users\vigne\.m2\repository\org\apache\xmlbeans\xmlbeans\5.2.0\xmlbeans-5.2.0.jar;C:\Users\vigne\.m2\repository\org\apache\commons\commons-compress\1.25.0\commons-compress-1.25.0.jar;C:\Users\vigne\.m2\repository\com\github\virtuald\curvesapi\1.08\curvesapi-1.08.jar;C:\Users\vigne\.m2\repository\com\aventstack\extentreports\5.1.1\extentreports-5.1.1.jar;C:\Users\vigne\.m2\repository\io\reactivex\rxjava3\rxjava\3.1.6\rxjava-3.1.6.jar;C:\Users\vigne\.m2\repository\org\reactivestreams\reactive-streams\1.0.4\reactive-streams-1.0.4.jar;C:\Users\vigne\.m2\repository\org\freemarker\freemarker\2.3.32\freemarker-2.3.32.jar;C:\Users\vigne\.m2\repository\org\projectlombok\lombok\1.18.26\lombok-1.18.26.jar;C:\Users\vigne\.m2\repository\org\apache\logging\log4j\log4j-api\2.23.1\log4j-api-2.23.1.jar;C:\Users\vigne\.m2\repository\org\apache\logging\log4j\log4j-core\2.23.1\log4j-core-2.23.1.jar;"/>
    <property name="java.vm.vendor" value="Oracle Corporation"/>
    <property name="sun.arch.data.model" value="64"/>
    <property name="user.variant" value=""/>
    <property name="java.vendor.url" value="https://java.oracle.com/"/>
    <property name="user.timezone" value="Asia/Calcutta"/>
    <property name="os.name" value="Windows 11"/>
    <property name="java.vm.specification.version" value="21"/>
    <property name="sun.java.launcher" value="SUN_STANDARD"/>
    <property name="user.country" value="IN"/>
    <property name="sun.boot.library.path" value="C:\Program Files\Java\jdk-21\bin"/>
    <property name="sun.java.command" value="C:\Users\vigne\AppData\Local\Temp\surefire9523341877821842812\surefirebooter-20240625221650779_3.jar C:\Users\vigne\AppData\Local\Temp\surefire9523341877821842812 2024-06-25T22-16-50_641-jvmRun1 surefire-20240625221650779_1tmp surefire_0-20240625221650779_2tmp"/>
    <property name="jdk.debug" value="release"/>
    <property name="surefire.test.class.path" value="C:\Eclipse\PetStoreAPI\target\test-classes;C:\Eclipse\PetStoreAPI\target\classes;C:\Users\vigne\.m2\repository\io\rest-assured\rest-assured\5.4.0\rest-assured-5.4.0.jar;C:\Users\vigne\.m2\repository\org\apache\groovy\groovy\4.0.16\groovy-4.0.16.jar;C:\Users\vigne\.m2\repository\org\apache\groovy\groovy-xml\4.0.16\groovy-xml-4.0.16.jar;C:\Users\vigne\.m2\repository\org\apache\httpcomponents\httpclient\4.5.13\httpclient-4.5.13.jar;C:\Users\vigne\.m2\repository\org\apache\httpcomponents\httpcore\4.4.13\httpcore-4.4.13.jar;C:\Users\vigne\.m2\repository\commons-logging\commons-logging\1.2\commons-logging-1.2.jar;C:\Users\vigne\.m2\repository\org\apache\httpcomponents\httpmime\4.5.13\httpmime-4.5.13.jar;C:\Users\vigne\.m2\repository\org\hamcrest\hamcrest\2.2\hamcrest-2.2.jar;C:\Users\vigne\.m2\repository\org\ccil\cowan\tagsoup\tagsoup\1.2.1\tagsoup-1.2.1.jar;C:\Users\vigne\.m2\repository\io\rest-assured\json-path\5.4.0\json-path-5.4.0.jar;C:\Users\vigne\.m2\repository\org\apache\groovy\groovy-json\4.0.16\groovy-json-4.0.16.jar;C:\Users\vigne\.m2\repository\io\rest-assured\rest-assured-common\5.4.0\rest-assured-common-5.4.0.jar;C:\Users\vigne\.m2\repository\io\rest-assured\xml-path\5.4.0\xml-path-5.4.0.jar;C:\Users\vigne\.m2\repository\org\json\json\20240303\json-20240303.jar;C:\Users\vigne\.m2\repository\com\google\code\gson\gson\2.11.0\gson-2.11.0.jar;C:\Users\vigne\.m2\repository\com\google\errorprone\error_prone_annotations\2.27.0\error_prone_annotations-2.27.0.jar;C:\Users\vigne\.m2\repository\com\jayway\jsonpath\json-path\2.9.0\json-path-2.9.0.jar;C:\Users\vigne\.m2\repository\net\minidev\json-smart\2.5.0\json-smart-2.5.0.jar;C:\Users\vigne\.m2\repository\net\minidev\accessors-smart\2.5.0\accessors-smart-2.5.0.jar;C:\Users\vigne\.m2\repository\org\ow2\asm\asm\9.3\asm-9.3.jar;C:\Users\vigne\.m2\repository\org\slf4j\slf4j-api\2.0.11\slf4j-api-2.0.11.jar;C:\Users\vigne\.m2\repository\org\testng\testng\7.10.2\testng-7.10.2.jar;C:\Users\vigne\.m2\repository\com\beust\jcommander\1.82\jcommander-1.82.jar;C:\Users\vigne\.m2\repository\org\webjars\jquery\3.7.1\jquery-3.7.1.jar;C:\Users\vigne\.m2\repository\com\github\javafaker\javafaker\1.0.2\javafaker-1.0.2.jar;C:\Users\vigne\.m2\repository\org\apache\commons\commons-lang3\3.5\commons-lang3-3.5.jar;C:\Users\vigne\.m2\repository\org\yaml\snakeyaml\1.23\snakeyaml-1.23-android.jar;C:\Users\vigne\.m2\repository\com\github\mifmif\generex\1.0.2\generex-1.0.2.jar;C:\Users\vigne\.m2\repository\dk\brics\automaton\automaton\1.11-8\automaton-1.11-8.jar;C:\Users\vigne\.m2\repository\org\apache\poi\poi\5.2.5\poi-5.2.5.jar;C:\Users\vigne\.m2\repository\commons-codec\commons-codec\1.16.0\commons-codec-1.16.0.jar;C:\Users\vigne\.m2\repository\org\apache\commons\commons-collections4\4.4\commons-collections4-4.4.jar;C:\Users\vigne\.m2\repository\org\apache\commons\commons-math3\3.6.1\commons-math3-3.6.1.jar;C:\Users\vigne\.m2\repository\commons-io\commons-io\2.15.0\commons-io-2.15.0.jar;C:\Users\vigne\.m2\repository\com\zaxxer\SparseBitSet\1.3\SparseBitSet-1.3.jar;C:\Users\vigne\.m2\repository\org\apache\poi\poi-ooxml\5.2.5\poi-ooxml-5.2.5.jar;C:\Users\vigne\.m2\repository\org\apache\poi\poi-ooxml-lite\5.2.5\poi-ooxml-lite-5.2.5.jar;C:\Users\vigne\.m2\repository\org\apache\xmlbeans\xmlbeans\5.2.0\xmlbeans-5.2.0.jar;C:\Users\vigne\.m2\repository\org\apache\commons\commons-compress\1.25.0\commons-compress-1.25.0.jar;C:\Users\vigne\.m2\repository\com\github\virtuald\curvesapi\1.08\curvesapi-1.08.jar;C:\Users\vigne\.m2\repository\com\aventstack\extentreports\5.1.1\extentreports-5.1.1.jar;C:\Users\vigne\.m2\repository\io\reactivex\rxjava3\rxjava\3.1.6\rxjava-3.1.6.jar;C:\Users\vigne\.m2\repository\org\reactivestreams\reactive-streams\1.0.4\reactive-streams-1.0.4.jar;C:\Users\vigne\.m2\repository\org\freemarker\freemarker\2.3.32\freemarker-2.3.32.jar;C:\Users\vigne\.m2\repository\org\projectlombok\lombok\1.18.26\lombok-1.18.26.jar;C:\Users\vigne\.m2\repository\org\apache\logging\log4j\log4j-api\2.23.1\log4j-api-2.23.1.jar;C:\Users\vigne\.m2\repository\org\apache\logging\log4j\log4j-core\2.23.1\log4j-core-2.23.1.jar;"/>
    <property name="sun.cpu.endian" value="little"/>
    <property name="user.home" value="C:\Users\vigne"/>
    <property name="user.language" value="en"/>
    <property name="java.specification.vendor" value="Oracle Corporation"/>
    <property name="java.version.date" value="2024-04-16"/>
    <property name="java.home" value="C:\Program Files\Java\jdk-21"/>
    <property name="file.separator" value="\"/>
    <property name="basedir" value="C:\Eclipse\PetStoreAPI"/>
    <property name="java.vm.compressedOopsMode" value="Zero based"/>
    <property name="line.separator" value="&#10;"/>
    <property name="java.vm.specification.vendor" value="Oracle Corporation"/>
    <property name="java.specification.name" value="Java Platform API Specification"/>
    <property name="surefire.real.class.path" value="C:\Users\vigne\AppData\Local\Temp\surefire9523341877821842812\surefirebooter-20240625221650779_3.jar"/>
    <property name="user.script" value=""/>
    <property name="sun.management.compiler" value="HotSpot 64-Bit Tiered Compilers"/>
    <property name="java.runtime.version" value="21.0.3+7-LTS-152"/>
    <property name="user.name" value="vigne"/>
    <property name="stdout.encoding" value="Cp1252"/>
    <property name="path.separator" value=";"/>
    <property name="os.version" value="10.0"/>
    <property name="java.runtime.name" value="Java(TM) SE Runtime Environment"/>
    <property name="file.encoding" value="UTF-8"/>
    <property name="java.vm.name" value="Java HotSpot(TM) 64-Bit Server VM"/>
    <property name="localRepository" value="C:\Users\vigne\.m2\repository"/>
    <property name="java.vendor.url.bug" value="https://bugreport.java.com/bugreport/"/>
    <property name="java.io.tmpdir" value="C:\Users\vigne\AppData\Local\Temp\"/>
    <property name="java.version" value="21.0.3"/>
    <property name="user.dir" value="C:\Eclipse\PetStoreAPI"/>
    <property name="os.arch" value="amd64"/>
    <property name="java.vm.specification.name" value="Java Virtual Machine Specification"/>
    <property name="sun.os.patch.level" value=""/>
    <property name="native.encoding" value="Cp1252"/>
    <property name="java.library.path" value="C:\Program Files\Java\jdk-21\bin;C:\WINDOWS\Sun\Java\bin;C:\WINDOWS\system32;C:\WINDOWS;C:\Program Files\Common Files\Oracle\Java\javapath;C:\Windows\system32;C:\Windows;C:\Windows\System32\Wbem;C:\Windows\System32\WindowsPowerShell\v1.0\;C:\Windows\System32\OpenSSH\;C:\Program Files (x86)\NVIDIA Corporation\PhysX\Common;C:\Program Files\NVIDIA Corporation\NVIDIA NvDLISR;C:\Program Files\dotnet\;C:\WINDOWS\system32;C:\WINDOWS;C:\WINDOWS\System32\Wbem;C:\WINDOWS\System32\WindowsPowerShell\v1.0\;C:\WINDOWS\System32\OpenSSH\;C:\Program Files (x86)\Microsoft SQL Server\160\DTS\Binn\;C:\Program Files (x86)\Microsoft SQL Server\160\Tools\Binn\;C:\Program Files\Microsoft SQL Server\160\Tools\Binn\;C:\Program Files\Microsoft SQL Server\Client SDK\ODBC\170\Tools\Binn\;C:\Program Files\Microsoft SQL Server\160\DTS\Binn\;C:\Program Files\Python\Scripts\;C:\Program Files\nodejs\;C:\Program Files\Java\jdk-21\bin;C:\apache-maven-3.9.8\bin;C:\Program Files\Python\;C:\Users\vigne\AppData\Local\Programs\Python\Launcher\;C:\Users\vigne\AppData\Local\Microsoft\WindowsApps;C:\Users\vigne\AppData\Local\Programs\MiKTeX\miktex\bin\x64\;C:\Program Files\Graphviz\bin;C:\Program Files\Azure Data Studio\bin;C:\Users\vigne\AppData\Local\Programs\Microsoft VS Code\bin;C:\Users\vigne\AppData\Local\JetBrains\Toolbox\scripts;C:\Users\vigne\AppData\Roaming\Python\Python312\Scripts;C:\Users\vigne\AppData\Roaming\npm;."/>
    <property name="java.vm.info" value="mixed mode, sharing"/>
    <property name="stderr.encoding" value="Cp1252"/>
    <property name="java.vendor" value="Oracle Corporation"/>
    <property name="java.vm.version" value="21.0.3+7-LTS-152"/>
    <property name="sun.io.unicode.encoding" value="UnicodeLittle"/>
    <property name="java.class.version" value="65.0"/>
  </properties>
  <testcase name="testPostUser" classname="api.test.UserTest" time="2.707">
    <system-err><![CDATA[SLF4J(W): No SLF4J providers were found.
SLF4J(W): Defaulting to no-operation (NOP) logger implementation
SLF4J(W): See https://www.slf4j.org/codes.html#noProviders for further details.
]]></system-err>
  </testcase>
  <testcase name="testGetUser" classname="api.test.UserTest" time="1.255">
    <system-out><![CDATA[{
    "id": 7114,
    "username": "drema.klocko",
    "firstName": "Renetta",
    "lastName": "Greenholt",
    "email": "abdul.collins@hotmail.com",
    "password": "2lsopmfryd078o",
    "phone": "(869) 429-8367",
    "userStatus": 0
}
]]></system-out>
  </testcase>
  <testcase name="testUpdateUser" classname="api.test.UserTest" time="2.864">
    <system-out><![CDATA[{
    "code": 200,
    "type": "unknown",
    "message": "7114"
}
{
    "id": 7114,
    "username": "drema.klocko",
    "firstName": "Susanna",
    "lastName": "Vandervort",
    "email": "earlean.bradtke@hotmail.com",
    "password": "2lsopmfryd078o",
    "phone": "(869) 429-8367",
    "userStatus": 0
}
]]></system-out>
  </testcase>
  <testcase name="testDeleteUser" classname="api.test.UserTest" time="1.148">
    <system-out><![CDATA[{
    "code": 200,
    "type": "unknown",
    "message": "drema.klocko"
}
]]></system-out>
  </testcase>
  <testcase name="testPostUserDDT[5433, JohnMaves, John, Maves, johnm@gmail.com, testPass, 837583844](1)" classname="api.test.UserTestDDT" time="1.181"/>
  <testcase name="testPostUserDDT[4532, JavaMiles, Java, Miles, javam@gmail.com, testPass, 736475858](2)" classname="api.test.UserTestDDT" time="1.144"/>
  <testcase name="testPostUserDDT[3563, RestPutin, Rest, Putin, restp@gmail.com, testPass, 274658393](3)" classname="api.test.UserTestDDT" time="1.176"/>
  <testcase name="testDeleteUserDDT[JohnMaves](1)" classname="api.test.UserTestDDT" time="1.146">
    <system-out><![CDATA[{
    "code": 200,
    "type": "unknown",
    "message": "JohnMaves"
}
]]></system-out>
  </testcase>
  <testcase name="testDeleteUserDDT[JavaMiles](2)" classname="api.test.UserTestDDT" time="1.133">
    <system-out><![CDATA[{
    "code": 200,
    "type": "unknown",
    "message": "JavaMiles"
}
]]></system-out>
  </testcase>
  <testcase name="testDeleteUserDDT[RestPutin](3)" classname="api.test.UserTestDDT" time="1.158">
    <system-out><![CDATA[{
    "code": 200,
    "type": "unknown",
    "message": "RestPutin"
}
]]></system-out>
  </testcase>
  <testcase name="testPostOrder" classname="api.test.OrderTest" time="1.175">
    <system-out><![CDATA[{
    "id": 1,
    "petId": 8,
    "quantity": 1,
    "shipDate": "2024-06-25T22:17:08.752+0000",
    "status": "placed",
    "complete": true
}
]]></system-out>
  </testcase>
  <testcase name="testGetOrder" classname="api.test.OrderTest" time="1.16">
    <system-out><![CDATA[{
    "id": 1,
    "petId": 8,
    "quantity": 1,
    "shipDate": "2024-06-25T22:17:08.752+0000",
    "status": "placed",
    "complete": true
}
]]></system-out>
  </testcase>
  <testcase name="testDeleteUser" classname="api.test.OrderTest" time="1.217">
    <system-out><![CDATA[{
    "code": 200,
    "type": "unknown",
    "message": "1"
}
]]></system-out>
  </testcase>
  <testcase name="testPostOrderDDT[2, 3, 2](1)" classname="api.test.OrderTestDDT" time="1.214">
    <system-out><![CDATA[{
    "id": 2,
    "petId": 3,
    "quantity": 2,
    "shipDate": "2024-06-25T22:17:12.451+0000",
    "status": "placed",
    "complete": true
}
]]></system-out>
  </testcase>
  <testcase name="testPostOrderDDT[5, 5, 1](2)" classname="api.test.OrderTestDDT" time="1.18">
    <system-out><![CDATA[{
    "id": 5,
    "petId": 5,
    "quantity": 1,
    "shipDate": "2024-06-25T22:17:13.663+0000",
    "status": "placed",
    "complete": true
}
]]></system-out>
  </testcase>
  <testcase name="testPostOrderDDT[7, 2, 3](3)" classname="api.test.OrderTestDDT" time="1.187">
    <system-out><![CDATA[{
    "id": 7,
    "petId": 2,
    "quantity": 3,
    "shipDate": "2024-06-25T22:17:14.847+0000",
    "status": "placed",
    "complete": true
}
]]></system-out>
  </testcase>
  <testcase name="testDeleteOrderDDT[2](1)" classname="api.test.OrderTestDDT" time="1.19">
    <system-out><![CDATA[{
    "code": 200,
    "type": "unknown",
    "message": "2"
}
]]></system-out>
  </testcase>
  <testcase name="testDeleteOrderDDT[5](2)" classname="api.test.OrderTestDDT" time="1.135">
    <system-out><![CDATA[{
    "code": 200,
    "type": "unknown",
    "message": "5"
}
]]></system-out>
  </testcase>
  <testcase name="testDeleteOrderDDT[7](3)" classname="api.test.OrderTestDDT" time="1.204">
    <system-out><![CDATA[{
    "code": 200,
    "type": "unknown",
    "message": "7"
}
]]></system-out>
  </testcase>
</testsuite>